<?xml version="1.0" encoding="UTF-8"?>
<!-- Generated by org.testng.reporters.JUnitReportReporter -->
<testsuite hostname="orzel" name="pl.edu.agh.cs.kraksim.routing.rulesprediction.AprioriQuantileDiscretiserTest" tests="5" failures="0" timestamp="9 Jun 2012 21:04:30 GMT" time="0,078" errors="0">
  <testcase name="testDiscretiseValueBucket" time="0,000" classname="pl.edu.agh.cs.kraksim.routing.rulesprediction.AprioriQuantileDiscretiserTest"/>
  <testcase name="findQuantilesForOneTransaction" time="0,062" classname="pl.edu.agh.cs.kraksim.routing.rulesprediction.AprioriQuantileDiscretiserTest"/>
  <testcase name="findQuantilesForTwoTransactions" time="0,016" classname="pl.edu.agh.cs.kraksim.routing.rulesprediction.AprioriQuantileDiscretiserTest"/>
  <testcase name="testDiscretiseValueSecondBucket" time="0,000" classname="pl.edu.agh.cs.kraksim.routing.rulesprediction.AprioriQuantileDiscretiserTest"/>
  <testcase name="testDiscretiseValueFirstBucket" time="0,000" classname="pl.edu.agh.cs.kraksim.routing.rulesprediction.AprioriQuantileDiscretiserTest"/>
</testsuite>
