<?xml version="1.0" encoding="UTF-8"?>
<!-- Generated by org.testng.reporters.JUnitReportReporter -->
<testsuite hostname="orzel" name="pl.edu.agh.cs.kraksim.routing.weka.timeSeries.TimeSeriesPrediction_CongestionAmountTest" tests="1" failures="0" timestamp="8 Sep 2012 22:29:45 GMT" time="0.734" errors="0">
  <testcase name="testCongestionAmountAfter1000" time="0.734" classname="pl.edu.agh.cs.kraksim.routing.weka.timeSeries.TimeSeriesPrediction_CongestionAmountTest"/>
</testsuite> <!-- pl.edu.agh.cs.kraksim.routing.weka.timeSeries.TimeSeriesPrediction_CongestionAmountTest -->
