<?xml version="1.0" encoding="UTF-8"?>
<!-- Generated by org.testng.reporters.JUnitReportReporter -->
<testsuite hostname="orzel" name="weka.J48Test" tests="3" failures="0" timestamp="8 Sep 2012 22:27:18 GMT" time="0.063" errors="0">
  <testcase name="testClassifyToNegativeClass" time="0.047" classname="weka.J48Test"/>
  <testcase name="testClassifyToPositiveClass" time="0.016" classname="weka.J48Test"/>
  <testcase name="testClassifyToNegativeClass2" time="0.000" classname="weka.J48Test"/>
</testsuite> <!-- weka.J48Test -->
