<?xml version="1.0" encoding="UTF-8"?>
<!-- Generated by org.testng.reporters.JUnitReportReporter -->
<testsuite hostname="orzel" name="pl.edu.agh.cs.kraksim.weka.utils.SimpleMovingAverageTest" tests="4" failures="0" timestamp="29 Oct 2012 17:30:42 GMT" time="0.016" errors="0">
  <testcase name="testTwoPeriodsAverage_AfterThreePeriods" time="0.000" classname="pl.edu.agh.cs.kraksim.weka.utils.SimpleMovingAverageTest"/>
  <testcase name="testOnePeriodAverage_AfterOnePeriod" time="0.016" classname="pl.edu.agh.cs.kraksim.weka.utils.SimpleMovingAverageTest"/>
  <testcase name="testTwoPeriodsAverage_AfterTwoPeriods" time="0.000" classname="pl.edu.agh.cs.kraksim.weka.utils.SimpleMovingAverageTest"/>
  <testcase name="testOnePeriodAverage_AfterTwoPeriods" time="0.000" classname="pl.edu.agh.cs.kraksim.weka.utils.SimpleMovingAverageTest"/>
</testsuite> <!-- pl.edu.agh.cs.kraksim.weka.utils.SimpleMovingAverageTest -->
