<?xml version="1.0" encoding="UTF-8"?>
<!-- Generated by org.testng.reporters.JUnitReportReporter -->
<testsuite hostname="orzel" name="pl.edu.agh.cs.kraksim.routing.weka.rules.statistics.CurrentPredictionContainerTest" tests="4" failures="0" timestamp="25 Jun 2012 15:29:00 GMT" time="0,000" errors="0">
  <testcase name="testAddTwoRulesPredictingCongestionAfterTwoPeriods" time="0,000" classname="pl.edu.agh.cs.kraksim.routing.weka.rules.statistics.CurrentPredictionContainerTest"/>
  <testcase name="testAddOneRulePredictingCongestionAfterOnePeriod" time="0,000" classname="pl.edu.agh.cs.kraksim.routing.weka.rules.statistics.CurrentPredictionContainerTest"/>
  <testcase name="testAddTwoRulesPredictingCongestionAfterTwoAndThreePeriods" time="0,000" classname="pl.edu.agh.cs.kraksim.routing.weka.rules.statistics.CurrentPredictionContainerTest"/>
  <testcase name="testAddOneRulePredictingCongestionAfterTwoPeriods" time="0,000" classname="pl.edu.agh.cs.kraksim.routing.weka.rules.statistics.CurrentPredictionContainerTest"/>
</testsuite>
