<?xml version="1.0" encoding="UTF-8"?>
<!-- Generated by org.testng.reporters.JUnitReportReporter -->
<testsuite hostname="orzel" name="weka.NaiveBayesTest" tests="3" failures="0" timestamp="8 Sep 2012 22:27:18 GMT" time="0.328" errors="0">
  <testcase name="testClassifyToPositiveClass" time="0.000" classname="weka.NaiveBayesTest"/>
  <testcase name="testClassifyToNegativeClass2" time="0.000" classname="weka.NaiveBayesTest"/>
  <testcase name="testClassifyToNegativeClass" time="0.328" classname="weka.NaiveBayesTest"/>
</testsuite> <!-- weka.NaiveBayesTest -->
