<?xml version="1.0" encoding="UTF-8"?>
<!-- Generated by org.testng.reporters.JUnitReportReporter -->
<testsuite hostname="orzel" name="pl.edu.agh.cs.kraksim.routing.rulesprediction.statistics.ResultCreatorTest" tests="4" failures="0" timestamp="10 Jun 2012 00:01:26 GMT" time="0,094" errors="0">
  <testcase name="testResultCreatorCompletelyWrongPrediction" time="0,094" classname="pl.edu.agh.cs.kraksim.routing.rulesprediction.statistics.ResultCreatorTest"/>
  <testcase name="testResultCreatorPredictPart" time="0,000" classname="pl.edu.agh.cs.kraksim.routing.rulesprediction.statistics.ResultCreatorTest"/>
  <testcase name="testResultCreatorEmptyPrediction" time="0,000" classname="pl.edu.agh.cs.kraksim.routing.rulesprediction.statistics.ResultCreatorTest"/>
  <testcase name="testResultCreatorPredictAll" time="0,000" classname="pl.edu.agh.cs.kraksim.routing.rulesprediction.statistics.ResultCreatorTest"/>
</testsuite>
