<?xml version="1.0" encoding="UTF-8"?>
<!-- Generated by org.testng.reporters.JUnitReportReporter -->
<testsuite hostname="orzel" name="pl.edu.agh.cs.kraksim.routing.weka.rules.algorithms.AssociatedRules_CreateFromTransactionTableTest" tests="2" failures="0" timestamp="24 Jun 2012 15:40:42 GMT" time="0,031" errors="0">
  <testcase name="createInstanceFromOneTransactionTest" time="0,031" classname="pl.edu.agh.cs.kraksim.routing.weka.rules.algorithms.AssociatedRules_CreateFromTransactionTableTest"/>
  <testcase name="createInstanceFromTwoTransactionsTest" time="0,000" classname="pl.edu.agh.cs.kraksim.routing.weka.rules.algorithms.AssociatedRules_CreateFromTransactionTableTest"/>
</testsuite>
