<?xml version="1.0" encoding="UTF-8"?>
<!-- Generated by org.testng.reporters.JUnitReportReporter -->
<testsuite hostname="orzel" name="pl.edu.agh.cs.kraksim.routing.weka.classification.ClassificationTransactionCreatorTest" tests="4" failures="0" timestamp="12 Aug 2012 14:22:13 GMT" time="0,032" errors="0">
  <testcase name="testCreateTransactionForDepth1To2" time="0,016" classname="pl.edu.agh.cs.kraksim.routing.weka.classification.ClassificationTransactionCreatorTest"/>
  <testcase name="testCreateTransactionForDepth1To1" time="0,016" classname="pl.edu.agh.cs.kraksim.routing.weka.classification.ClassificationTransactionCreatorTest"/>
  <testcase name="testCreateTransactionForDepth2To2" time="0,000" classname="pl.edu.agh.cs.kraksim.routing.weka.classification.ClassificationTransactionCreatorTest"/>
  <testcase name="testCreateTransactionForDepth2To4" time="0,000" classname="pl.edu.agh.cs.kraksim.routing.weka.classification.ClassificationTransactionCreatorTest"/>
</testsuite>
