<?xml version="1.0" encoding="UTF-8"?>
<!-- Generated by org.testng.reporters.JUnitReportReporter -->
<testsuite hostname="orzel" name="weka.J48TestWithPCA" tests="1" failures="0" timestamp="18 Jul 2012 07:46:26 GMT" time="0,219" errors="0">
  <testcase name="testClassifyToPositiveClass" time="0,219" classname="weka.J48TestWithPCA"/>
</testsuite>
