<?xml version="1.0" encoding="UTF-8"?>
<!-- Generated by org.testng.reporters.JUnitReportReporter -->
<testsuite hostname="orzel" name="pl.edu.agh.cs.kraksim.routing.weka.classification.ClassificationPrediction_CongestionsAmountTest" tests="2" failures="0" timestamp="12 Aug 2012 14:22:13 GMT" time="0,031" errors="0">
  <testcase name="testCongestionAmountAfter600Turns_Actual700" time="0,015" classname="pl.edu.agh.cs.kraksim.routing.weka.classification.ClassificationPrediction_CongestionsAmountTest"/>
  <testcase name="testCongestionAmountAfter600Turns_Actual600" time="0,016" classname="pl.edu.agh.cs.kraksim.routing.weka.classification.ClassificationPrediction_CongestionsAmountTest"/>
</testsuite>
