<?xml version="1.0" encoding="UTF-8"?>
<!-- Generated by org.testng.reporters.JUnitReportReporter -->
<testsuite hostname="orzel" name="pl.edu.agh.cs.kraksim.routing.associatedrules.statistics.PredictionContainerTest" tests="4" failures="0" timestamp="15 May 2012 16:45:57 GMT" time="0,000" errors="0">
  <testcase name="testAddTwoRulesPredictingCongestionAfterTwoAndThreePeriods" time="0,000" classname="pl.edu.agh.cs.kraksim.routing.associatedrules.statistics.PredictionContainerTest"/>
  <testcase name="testAddOneRulePredictingCongestionAfterTwoPeriods" time="0,000" classname="pl.edu.agh.cs.kraksim.routing.associatedrules.statistics.PredictionContainerTest"/>
  <testcase name="testAddTwoRulesPredictingCongestionAfterTwoPeriods" time="0,000" classname="pl.edu.agh.cs.kraksim.routing.associatedrules.statistics.PredictionContainerTest"/>
  <testcase name="testAddOneRulePredictingCongestionAfterOnePeriod" time="0,000" classname="pl.edu.agh.cs.kraksim.routing.associatedrules.statistics.PredictionContainerTest"/>
</testsuite>
