<?xml version="1.0" encoding="UTF-8"?>
<!-- Generated by org.testng.reporters.JUnitReportReporter -->
<testsuite hostname="orzel" name="pl.edu.agh.cs.kraksim.routing.weka.rules.statistics.ResultCreatorTest" tests="4" failures="0" timestamp="25 Jun 2012 15:29:00 GMT" time="0,032" errors="0">
  <testcase name="testResultCreatorPredictPart" time="0,000" classname="pl.edu.agh.cs.kraksim.routing.weka.rules.statistics.ResultCreatorTest"/>
  <testcase name="testResultCreatorPredictAll" time="0,000" classname="pl.edu.agh.cs.kraksim.routing.weka.rules.statistics.ResultCreatorTest"/>
  <testcase name="testResultCreatorCompletelyWrongPrediction" time="0,032" classname="pl.edu.agh.cs.kraksim.routing.weka.rules.statistics.ResultCreatorTest"/>
  <testcase name="testResultCreatorEmptyPrediction" time="0,000" classname="pl.edu.agh.cs.kraksim.routing.weka.rules.statistics.ResultCreatorTest"/>
</testsuite>
