<?xml version="1.0" encoding="UTF-8"?>
<!-- Generated by org.testng.reporters.JUnitReportReporter -->
<testsuite hostname="orzel" name="pl.edu.agh.cs.kraksim.routing.associatedrules.statistics.ResultCreatorTest" tests="4" failures="0" timestamp="22 May 2012 14:04:03 GMT" time="0,000" errors="0">
  <testcase name="testResultCreatorPredictAll" time="0,000" classname="pl.edu.agh.cs.kraksim.routing.associatedrules.statistics.ResultCreatorTest"/>
  <testcase name="testResultCreatorEmptyPrediction" time="0,000" classname="pl.edu.agh.cs.kraksim.routing.associatedrules.statistics.ResultCreatorTest"/>
  <testcase name="testResultCreatorCompletelyWrongPrediction" time="0,000" classname="pl.edu.agh.cs.kraksim.routing.associatedrules.statistics.ResultCreatorTest"/>
  <testcase name="testResultCreatorPredictPart" time="0,000" classname="pl.edu.agh.cs.kraksim.routing.associatedrules.statistics.ResultCreatorTest"/>
</testsuite>
