<?xml version="1.0" encoding="UTF-8"?>
<!-- Generated by org.testng.reporters.JUnitReportReporter -->
<testsuite hostname="orzel" name="pl.edu.agh.cs.kraksim.routing.weka.timeSeries.TimeSeriesPrediction_ResuotTest_ForOnePeriod2" tests="3" failures="0" timestamp="8 Sep 2012 22:29:45 GMT" time="0.438" errors="0">
  <testcase name="testThreePredicted_FirstTurn" time="0.142" classname="pl.edu.agh.cs.kraksim.routing.weka.timeSeries.TimeSeriesPrediction_ResuotTest_ForOnePeriod2"/>
  <testcase name="testOnePredicted_FirstTurn" time="0.093" classname="pl.edu.agh.cs.kraksim.routing.weka.timeSeries.TimeSeriesPrediction_ResuotTest_ForOnePeriod2"/>
  <testcase name="testThreePredicted_FirstTurn2" time="0.203" classname="pl.edu.agh.cs.kraksim.routing.weka.timeSeries.TimeSeriesPrediction_ResuotTest_ForOnePeriod2"/>
</testsuite> <!-- pl.edu.agh.cs.kraksim.routing.weka.timeSeries.TimeSeriesPrediction_ResuotTest_ForOnePeriod2 -->
