<?xml version="1.0" encoding="UTF-8"?>
<!-- Generated by org.testng.reporters.JUnitReportReporter -->
<testsuite hostname="orzel" name="pl.edu.agh.cs.kraksim.routing.rulesprediction.algorithms.AssociatedRulesTest" tests="2" failures="0" timestamp="9 Jun 2012 21:04:30 GMT" time="0,000" errors="0">
  <testcase name="test_convert_empty_Integer_array_to_double_array" time="0,000" classname="pl.edu.agh.cs.kraksim.routing.rulesprediction.algorithms.AssociatedRulesTest"/>
  <testcase name="test_convert_three_element_Integer_array_ot_double_array" time="0,000" classname="pl.edu.agh.cs.kraksim.routing.rulesprediction.algorithms.AssociatedRulesTest"/>
</testsuite>
