<?xml version="1.0" encoding="UTF-8"?>
<!-- Generated by org.testng.reporters.JUnitReportReporter -->
<testsuite hostname="Gzeg-Komputer" name="pl.edu.agh.cs.kraksim.weka.timeSeries.TimeSeriesPrediction_CongestionAmountTest" tests="1" failures="0" timestamp="13 May 2013 20:24:22 GMT" time="0,203" errors="0">
  <testcase name="testCongestionAmountAfter1000" time="0,203" classname="pl.edu.agh.cs.kraksim.weka.timeSeries.TimeSeriesPrediction_CongestionAmountTest"/>
</testsuite>
